  lab3_zad4.cpp
c:\users\szymon\source\repos\lab3_zad4\lab3_zad4\colors.h(20): warning C4838: conversion from 'double' to 'const GLfloat' requires a narrowing conversion
c:\users\szymon\source\repos\lab3_zad4\lab3_zad4\colors.h(20): warning C4305: 'initializing': truncation from 'double' to 'const GLfloat'
c:\users\szymon\source\repos\lab3_zad4\lab3_zad4\colors.h(25): warning C4838: conversion from 'double' to 'const GLfloat' requires a narrowing conversion
c:\users\szymon\source\repos\lab3_zad4\lab3_zad4\colors.h(25): warning C4305: 'initializing': truncation from 'double' to 'const GLfloat'
c:\users\szymon\source\repos\lab3_zad4\lab3_zad4\colors.h(35): warning C4838: conversion from 'double' to 'const GLfloat' requires a narrowing conversion
c:\users\szymon\source\repos\lab3_zad4\lab3_zad4\colors.h(35): warning C4305: 'initializing': truncation from 'double' to 'const GLfloat'
c:\users\szymon\source\repos\lab3_zad4\lab3_zad4\colors.h(42): warning C4838: conversion from 'double' to 'const GLfloat' requires a narrowing conversion
c:\users\szymon\source\repos\lab3_zad4\lab3_zad4\colors.h(42): warning C4305: 'initializing': truncation from 'double' to 'const GLfloat'
c:\users\szymon\source\repos\lab3_zad4\lab3_zad4\colors.h(49): warning C4838: conversion from 'double' to 'const GLfloat' requires a narrowing conversion
c:\users\szymon\source\repos\lab3_zad4\lab3_zad4\colors.h(49): warning C4305: 'initializing': truncation from 'double' to 'const GLfloat'
c:\users\szymon\source\repos\lab3_zad4\lab3_zad4\colors.h(54): warning C4838: conversion from 'double' to 'const GLfloat' requires a narrowing conversion
c:\users\szymon\source\repos\lab3_zad4\lab3_zad4\colors.h(54): warning C4305: 'initializing': truncation from 'double' to 'const GLfloat'
c:\users\szymon\source\repos\lab3_zad4\lab3_zad4\colors.h(66): warning C4838: conversion from 'double' to 'const GLfloat' requires a narrowing conversion
c:\users\szymon\source\repos\lab3_zad4\lab3_zad4\colors.h(66): warning C4305: 'initializing': truncation from 'double' to 'const GLfloat'
c:\users\szymon\source\repos\lab3_zad4\lab3_zad4\colors.h(80): warning C4838: conversion from 'double' to 'const GLfloat' requires a narrowing conversion
c:\users\szymon\source\repos\lab3_zad4\lab3_zad4\colors.h(80): warning C4305: 'initializing': truncation from 'double' to 'const GLfloat'
c:\users\szymon\source\repos\lab3_zad4\lab3_zad4\colors.h(87): warning C4838: conversion from 'double' to 'const GLfloat' requires a narrowing conversion
c:\users\szymon\source\repos\lab3_zad4\lab3_zad4\colors.h(87): warning C4305: 'initializing': truncation from 'double' to 'const GLfloat'
c:\users\szymon\source\repos\lab3_zad4\lab3_zad4\colors.h(92): warning C4838: conversion from 'double' to 'const GLfloat' requires a narrowing conversion
c:\users\szymon\source\repos\lab3_zad4\lab3_zad4\colors.h(92): warning C4305: 'initializing': truncation from 'double' to 'const GLfloat'
c:\users\szymon\source\repos\lab3_zad4\lab3_zad4\colors.h(97): warning C4838: conversion from 'double' to 'const GLfloat' requires a narrowing conversion
c:\users\szymon\source\repos\lab3_zad4\lab3_zad4\colors.h(97): warning C4305: 'initializing': truncation from 'double' to 'const GLfloat'
c:\users\szymon\source\repos\lab3_zad4\lab3_zad4\colors.h(102): warning C4838: conversion from 'double' to 'const GLfloat' requires a narrowing conversion
c:\users\szymon\source\repos\lab3_zad4\lab3_zad4\colors.h(102): warning C4305: 'initializing': truncation from 'double' to 'const GLfloat'
c:\users\szymon\source\repos\lab3_zad4\lab3_zad4\colors.h(109): warning C4838: conversion from 'double' to 'const GLfloat' requires a narrowing conversion
c:\users\szymon\source\repos\lab3_zad4\lab3_zad4\colors.h(109): warning C4305: 'initializing': truncation from 'double' to 'const GLfloat'
c:\users\szymon\source\repos\lab3_zad4\lab3_zad4\colors.h(116): warning C4838: conversion from 'double' to 'const GLfloat' requires a narrowing conversion
c:\users\szymon\source\repos\lab3_zad4\lab3_zad4\colors.h(116): warning C4305: 'initializing': truncation from 'double' to 'const GLfloat'
c:\users\szymon\source\repos\lab3_zad4\lab3_zad4\colors.h(121): warning C4838: conversion from 'double' to 'const GLfloat' requires a narrowing conversion
c:\users\szymon\source\repos\lab3_zad4\lab3_zad4\colors.h(121): warning C4305: 'initializing': truncation from 'double' to 'const GLfloat'
c:\users\szymon\source\repos\lab3_zad4\lab3_zad4\colors.h(126): warning C4838: conversion from 'double' to 'const GLfloat' requires a narrowing conversion
c:\users\szymon\source\repos\lab3_zad4\lab3_zad4\colors.h(126): warning C4305: 'initializing': truncation from 'double' to 'const GLfloat'
c:\users\szymon\source\repos\lab3_zad4\lab3_zad4\colors.h(133): warning C4838: conversion from 'double' to 'const GLfloat' requires a narrowing conversion
c:\users\szymon\source\repos\lab3_zad4\lab3_zad4\colors.h(133): warning C4305: 'initializing': truncation from 'double' to 'const GLfloat'
c:\users\szymon\source\repos\lab3_zad4\lab3_zad4\colors.h(147): warning C4838: conversion from 'double' to 'const GLfloat' requires a narrowing conversion
c:\users\szymon\source\repos\lab3_zad4\lab3_zad4\colors.h(147): warning C4305: 'initializing': truncation from 'double' to 'const GLfloat'
c:\users\szymon\source\repos\lab3_zad4\lab3_zad4\colors.h(154): warning C4838: conversion from 'double' to 'const GLfloat' requires a narrowing conversion
c:\users\szymon\source\repos\lab3_zad4\lab3_zad4\colors.h(154): warning C4305: 'initializing': truncation from 'double' to 'const GLfloat'
c:\users\szymon\source\repos\lab3_zad4\lab3_zad4\colors.h(159): warning C4838: conversion from 'double' to 'const GLfloat' requires a narrowing conversion
c:\users\szymon\source\repos\lab3_zad4\lab3_zad4\colors.h(159): warning C4305: 'initializing': truncation from 'double' to 'const GLfloat'
c:\users\szymon\source\repos\lab3_zad4\lab3_zad4\colors.h(166): warning C4838: conversion from 'double' to 'const GLfloat' requires a narrowing conversion
c:\users\szymon\source\repos\lab3_zad4\lab3_zad4\colors.h(166): warning C4305: 'initializing': truncation from 'double' to 'const GLfloat'
c:\users\szymon\source\repos\lab3_zad4\lab3_zad4\colors.h(173): warning C4838: conversion from 'double' to 'const GLfloat' requires a narrowing conversion
c:\users\szymon\source\repos\lab3_zad4\lab3_zad4\colors.h(173): warning C4305: 'initializing': truncation from 'double' to 'const GLfloat'
c:\users\szymon\source\repos\lab3_zad4\lab3_zad4\colors.h(180): warning C4838: conversion from 'double' to 'const GLfloat' requires a narrowing conversion
c:\users\szymon\source\repos\lab3_zad4\lab3_zad4\colors.h(180): warning C4305: 'initializing': truncation from 'double' to 'const GLfloat'
c:\users\szymon\source\repos\lab3_zad4\lab3_zad4\colors.h(187): warning C4838: conversion from 'double' to 'const GLfloat' requires a narrowing conversion
c:\users\szymon\source\repos\lab3_zad4\lab3_zad4\colors.h(187): warning C4305: 'initializing': truncation from 'double' to 'const GLfloat'
c:\users\szymon\source\repos\lab3_zad4\lab3_zad4\colors.h(192): warning C4838: conversion from 'double' to 'const GLfloat' requires a narrowing conversion
c:\users\szymon\source\repos\lab3_zad4\lab3_zad4\colors.h(192): warning C4305: 'initializing': truncation from 'double' to 'const GLfloat'
c:\users\szymon\source\repos\lab3_zad4\lab3_zad4\colors.h(199): warning C4838: conversion from 'double' to 'const GLfloat' requires a narrowing conversion
c:\users\szymon\source\repos\lab3_zad4\lab3_zad4\colors.h(199): warning C4305: 'initializing': truncation from 'double' to 'const GLfloat'
c:\users\szymon\source\repos\lab3_zad4\lab3_zad4\colors.h(204): warning C4838: conversion from 'double' to 'const GLfloat' requires a narrowing conversion
c:\users\szymon\source\repos\lab3_zad4\lab3_zad4\colors.h(204): warning C4305: 'initializing': truncation from 'double' to 'const GLfloat'
c:\users\szymon\source\repos\lab3_zad4\lab3_zad4\colors.h(211): warning C4838: conversion from 'double' to 'const GLfloat' requires a narrowing conversion
c:\users\szymon\source\repos\lab3_zad4\lab3_zad4\colors.h(211): warning C4305: 'initializing': truncation from 'double' to 'const GLfloat'
c:\users\szymon\source\repos\lab3_zad4\lab3_zad4\colors.h(216): warning C4838: conversion from 'double' to 'const GLfloat' requires a narrowing conversion
c:\users\szymon\source\repos\lab3_zad4\lab3_zad4\colors.h(216): warning C4305: 'initializing': truncation from 'double' to 'const GLfloat'
c:\users\szymon\source\repos\lab3_zad4\lab3_zad4\colors.h(221): warning C4838: conversion from 'double' to 'const GLfloat' requires a narrowing conversion
c:\users\szymon\source\repos\lab3_zad4\lab3_zad4\colors.h(221): warning C4305: 'initializing': truncation from 'double' to 'const GLfloat'
c:\users\szymon\source\repos\lab3_zad4\lab3_zad4\colors.h(226): warning C4838: conversion from 'double' to 'const GLfloat' requires a narrowing conversion
c:\users\szymon\source\repos\lab3_zad4\lab3_zad4\colors.h(226): warning C4305: 'initializing': truncation from 'double' to 'const GLfloat'
c:\users\szymon\source\repos\lab3_zad4\lab3_zad4\colors.h(231): warning C4838: conversion from 'double' to 'const GLfloat' requires a narrowing conversion
c:\users\szymon\source\repos\lab3_zad4\lab3_zad4\colors.h(231): warning C4305: 'initializing': truncation from 'double' to 'const GLfloat'
c:\users\szymon\source\repos\lab3_zad4\lab3_zad4\colors.h(236): warning C4838: conversion from 'double' to 'const GLfloat' requires a narrowing conversion
c:\users\szymon\source\repos\lab3_zad4\lab3_zad4\colors.h(236): warning C4305: 'initializing': truncation from 'double' to 'const GLfloat'
c:\users\szymon\source\repos\lab3_zad4\lab3_zad4\colors.h(243): warning C4838: conversion from 'double' to 'const GLfloat' requires a narrowing conversion
c:\users\szymon\source\repos\lab3_zad4\lab3_zad4\colors.h(243): warning C4305: 'initializing': truncation from 'double' to 'const GLfloat'
c:\users\szymon\source\repos\lab3_zad4\lab3_zad4\colors.h(248): warning C4838: conversion from 'double' to 'const GLfloat' requires a narrowing conversion
c:\users\szymon\source\repos\lab3_zad4\lab3_zad4\colors.h(248): warning C4305: 'initializing': truncation from 'double' to 'const GLfloat'
c:\users\szymon\source\repos\lab3_zad4\lab3_zad4\colors.h(253): warning C4838: conversion from 'double' to 'const GLfloat' requires a narrowing conversion
c:\users\szymon\source\repos\lab3_zad4\lab3_zad4\colors.h(253): warning C4305: 'initializing': truncation from 'double' to 'const GLfloat'
c:\users\szymon\source\repos\lab3_zad4\lab3_zad4\colors.h(258): warning C4838: conversion from 'double' to 'const GLfloat' requires a narrowing conversion
c:\users\szymon\source\repos\lab3_zad4\lab3_zad4\colors.h(258): warning C4305: 'initializing': truncation from 'double' to 'const GLfloat'
c:\users\szymon\source\repos\lab3_zad4\lab3_zad4\colors.h(263): warning C4838: conversion from 'double' to 'const GLfloat' requires a narrowing conversion
c:\users\szymon\source\repos\lab3_zad4\lab3_zad4\colors.h(263): warning C4305: 'initializing': truncation from 'double' to 'const GLfloat'
c:\users\szymon\source\repos\lab3_zad4\lab3_zad4\colors.h(268): warning C4838: conversion from 'double' to 'const GLfloat' requires a narrowing conversion
c:\users\szymon\source\repos\lab3_zad4\lab3_zad4\colors.h(268): warning C4305: 'initializing': truncation from 'double' to 'const GLfloat'
c:\users\szymon\source\repos\lab3_zad4\lab3_zad4\colors.h(273): warning C4838: conversion from 'double' to 'const GLfloat' requires a narrowing conversion
c:\users\szymon\source\repos\lab3_zad4\lab3_zad4\colors.h(273): warning C4305: 'initializing': truncation from 'double' to 'const GLfloat'
c:\users\szymon\source\repos\lab3_zad4\lab3_zad4\colors.h(278): warning C4838: conversion from 'double' to 'const GLfloat' requires a narrowing conversion
c:\users\szymon\source\repos\lab3_zad4\lab3_zad4\colors.h(278): warning C4305: 'initializing': truncation from 'double' to 'const GLfloat'
c:\users\szymon\source\repos\lab3_zad4\lab3_zad4\colors.h(290): warning C4838: conversion from 'double' to 'const GLfloat' requires a narrowing conversion
c:\users\szymon\source\repos\lab3_zad4\lab3_zad4\colors.h(290): warning C4305: 'initializing': truncation from 'double' to 'const GLfloat'
c:\users\szymon\source\repos\lab3_zad4\lab3_zad4\colors.h(295): warning C4838: conversion from 'double' to 'const GLfloat' requires a narrowing conversion
c:\users\szymon\source\repos\lab3_zad4\lab3_zad4\colors.h(295): warning C4305: 'initializing': truncation from 'double' to 'const GLfloat'
c:\users\szymon\source\repos\lab3_zad4\lab3_zad4\colors.h(302): warning C4838: conversion from 'double' to 'const GLfloat' requires a narrowing conversion
c:\users\szymon\source\repos\lab3_zad4\lab3_zad4\colors.h(302): warning C4305: 'initializing': truncation from 'double' to 'const GLfloat'
c:\users\szymon\source\repos\lab3_zad4\lab3_zad4\colors.h(307): warning C4838: conversion from 'double' to 'const GLfloat' requires a narrowing conversion
c:\users\szymon\source\repos\lab3_zad4\lab3_zad4\colors.h(307): warning C4305: 'initializing': truncation from 'double' to 'const GLfloat'
c:\users\szymon\source\repos\lab3_zad4\lab3_zad4\colors.h(314): warning C4838: conversion from 'double' to 'const GLfloat' requires a narrowing conversion
c:\users\szymon\source\repos\lab3_zad4\lab3_zad4\colors.h(314): warning C4305: 'initializing': truncation from 'double' to 'const GLfloat'
c:\users\szymon\source\repos\lab3_zad4\lab3_zad4\colors.h(321): warning C4838: conversion from 'double' to 'const GLfloat' requires a narrowing conversion
c:\users\szymon\source\repos\lab3_zad4\lab3_zad4\colors.h(321): warning C4305: 'initializing': truncation from 'double' to 'const GLfloat'
c:\users\szymon\source\repos\lab3_zad4\lab3_zad4\colors.h(328): warning C4838: conversion from 'double' to 'const GLfloat' requires a narrowing conversion
c:\users\szymon\source\repos\lab3_zad4\lab3_zad4\colors.h(328): warning C4305: 'initializing': truncation from 'double' to 'const GLfloat'
c:\users\szymon\source\repos\lab3_zad4\lab3_zad4\colors.h(335): warning C4838: conversion from 'double' to 'const GLfloat' requires a narrowing conversion
c:\users\szymon\source\repos\lab3_zad4\lab3_zad4\colors.h(335): warning C4305: 'initializing': truncation from 'double' to 'const GLfloat'
c:\users\szymon\source\repos\lab3_zad4\lab3_zad4\colors.h(342): warning C4838: conversion from 'double' to 'const GLfloat' requires a narrowing conversion
c:\users\szymon\source\repos\lab3_zad4\lab3_zad4\colors.h(342): warning C4305: 'initializing': truncation from 'double' to 'const GLfloat'
c:\users\szymon\source\repos\lab3_zad4\lab3_zad4\colors.h(347): warning C4838: conversion from 'double' to 'const GLfloat' requires a narrowing conversion
c:\users\szymon\source\repos\lab3_zad4\lab3_zad4\colors.h(347): warning C4305: 'initializing': truncation from 'double' to 'const GLfloat'
c:\users\szymon\source\repos\lab3_zad4\lab3_zad4\colors.h(354): warning C4838: conversion from 'double' to 'const GLfloat' requires a narrowing conversion
c:\users\szymon\source\repos\lab3_zad4\lab3_zad4\colors.h(354): warning C4305: 'initializing': truncation from 'double' to 'const GLfloat'
c:\users\szymon\source\repos\lab3_zad4\lab3_zad4\colors.h(361): warning C4838: conversion from 'double' to 'const GLfloat' requires a narrowing conversion
c:\users\szymon\source\repos\lab3_zad4\lab3_zad4\colors.h(361): warning C4305: 'initializing': truncation from 'double' to 'const GLfloat'
c:\users\szymon\source\repos\lab3_zad4\lab3_zad4\colors.h(368): warning C4838: conversion from 'double' to 'const GLfloat' requires a narrowing conversion
c:\users\szymon\source\repos\lab3_zad4\lab3_zad4\colors.h(368): warning C4305: 'initializing': truncation from 'double' to 'const GLfloat'
c:\users\szymon\source\repos\lab3_zad4\lab3_zad4\colors.h(375): warning C4838: conversion from 'double' to 'const GLfloat' requires a narrowing conversion
c:\users\szymon\source\repos\lab3_zad4\lab3_zad4\colors.h(375): warning C4305: 'initializing': truncation from 'double' to 'const GLfloat'
c:\users\szymon\source\repos\lab3_zad4\lab3_zad4\colors.h(380): warning C4838: conversion from 'double' to 'const GLfloat' requires a narrowing conversion
c:\users\szymon\source\repos\lab3_zad4\lab3_zad4\colors.h(380): warning C4305: 'initializing': truncation from 'double' to 'const GLfloat'
c:\users\szymon\source\repos\lab3_zad4\lab3_zad4\colors.h(385): warning C4838: conversion from 'double' to 'const GLfloat' requires a narrowing conversion
c:\users\szymon\source\repos\lab3_zad4\lab3_zad4\colors.h(385): warning C4305: 'initializing': truncation from 'double' to 'const GLfloat'
c:\users\szymon\source\repos\lab3_zad4\lab3_zad4\colors.h(390): warning C4838: conversion from 'double' to 'const GLfloat' requires a narrowing conversion
c:\users\szymon\source\repos\lab3_zad4\lab3_zad4\colors.h(390): warning C4305: 'initializing': truncation from 'double' to 'const GLfloat'
c:\users\szymon\source\repos\lab3_zad4\lab3_zad4\colors.h(395): warning C4838: conversion from 'double' to 'const GLfloat' requires a narrowing conversion
c:\users\szymon\source\repos\lab3_zad4\lab3_zad4\colors.h(395): warning C4305: 'initializing': truncation from 'double' to 'const GLfloat'
c:\users\szymon\source\repos\lab3_zad4\lab3_zad4\colors.h(400): warning C4838: conversion from 'double' to 'const GLfloat' requires a narrowing conversion
c:\users\szymon\source\repos\lab3_zad4\lab3_zad4\colors.h(400): warning C4305: 'initializing': truncation from 'double' to 'const GLfloat'
c:\users\szymon\source\repos\lab3_zad4\lab3_zad4\colors.h(405): warning C4838: conversion from 'double' to 'const GLfloat' requires a narrowing conversion
c:\users\szymon\source\repos\lab3_zad4\lab3_zad4\colors.h(405): warning C4305: 'initializing': truncation from 'double' to 'const GLfloat'
c:\users\szymon\source\repos\lab3_zad4\lab3_zad4\colors.h(410): warning C4838: conversion from 'double' to 'const GLfloat' requires a narrowing conversion
c:\users\szymon\source\repos\lab3_zad4\lab3_zad4\colors.h(410): warning C4305: 'initializing': truncation from 'double' to 'const GLfloat'
c:\users\szymon\source\repos\lab3_zad4\lab3_zad4\colors.h(415): warning C4838: conversion from 'double' to 'const GLfloat' requires a narrowing conversion
c:\users\szymon\source\repos\lab3_zad4\lab3_zad4\colors.h(415): warning C4305: 'initializing': truncation from 'double' to 'const GLfloat'
c:\users\szymon\source\repos\lab3_zad4\lab3_zad4\colors.h(420): warning C4838: conversion from 'double' to 'const GLfloat' requires a narrowing conversion
c:\users\szymon\source\repos\lab3_zad4\lab3_zad4\colors.h(420): warning C4305: 'initializing': truncation from 'double' to 'const GLfloat'
c:\users\szymon\source\repos\lab3_zad4\lab3_zad4\colors.h(425): warning C4838: conversion from 'double' to 'const GLfloat' requires a narrowing conversion
c:\users\szymon\source\repos\lab3_zad4\lab3_zad4\colors.h(425): warning C4305: 'initializing': truncation from 'double' to 'const GLfloat'
c:\users\szymon\source\repos\lab3_zad4\lab3_zad4\colors.h(430): warning C4838: conversion from 'double' to 'const GLfloat' requires a narrowing conversion
c:\users\szymon\source\repos\lab3_zad4\lab3_zad4\colors.h(430): warning C4305: 'initializing': truncation from 'double' to 'const GLfloat'
c:\users\szymon\source\repos\lab3_zad4\lab3_zad4\colors.h(435): warning C4838: conversion from 'double' to 'const GLfloat' requires a narrowing conversion
c:\users\szymon\source\repos\lab3_zad4\lab3_zad4\colors.h(435): warning C4305: 'initializing': truncation from 'double' to 'const GLfloat'
c:\users\szymon\source\repos\lab3_zad4\lab3_zad4\colors.h(440): warning C4838: conversion from 'double' to 'const GLfloat' requires a narrowing conversion
c:\users\szymon\source\repos\lab3_zad4\lab3_zad4\colors.h(440): warning C4305: 'initializing': truncation from 'double' to 'const GLfloat'
c:\users\szymon\source\repos\lab3_zad4\lab3_zad4\colors.h(445): warning C4838: conversion from 'double' to 'const GLfloat' requires a narrowing conversion
c:\users\szymon\source\repos\lab3_zad4\lab3_zad4\colors.h(445): warning C4305: 'initializing': truncation from 'double' to 'const GLfloat'
c:\users\szymon\source\repos\lab3_zad4\lab3_zad4\colors.h(450): warning C4838: conversion from 'double' to 'const GLfloat' requires a narrowing conversion
c:\users\szymon\source\repos\lab3_zad4\lab3_zad4\colors.h(450): warning C4305: 'initializing': truncation from 'double' to 'const GLfloat'
c:\users\szymon\source\repos\lab3_zad4\lab3_zad4\colors.h(455): warning C4838: conversion from 'double' to 'const GLfloat' requires a narrowing conversion
c:\users\szymon\source\repos\lab3_zad4\lab3_zad4\colors.h(455): warning C4305: 'initializing': truncation from 'double' to 'const GLfloat'
c:\users\szymon\source\repos\lab3_zad4\lab3_zad4\colors.h(469): warning C4838: conversion from 'double' to 'const GLfloat' requires a narrowing conversion
c:\users\szymon\source\repos\lab3_zad4\lab3_zad4\colors.h(469): warning C4305: 'initializing': truncation from 'double' to 'const GLfloat'
c:\users\szymon\source\repos\lab3_zad4\lab3_zad4\colors.h(476): warning C4838: conversion from 'double' to 'const GLfloat' requires a narrowing conversion
c:\users\szymon\source\repos\lab3_zad4\lab3_zad4\colors.h(476): warning C4305: 'initializing': truncation from 'double' to 'const GLfloat'
c:\users\szymon\source\repos\lab3_zad4\lab3_zad4\colors.h(490): warning C4838: conversion from 'double' to 'const GLfloat' requires a narrowing conversion
c:\users\szymon\source\repos\lab3_zad4\lab3_zad4\colors.h(490): warning C4305: 'initializing': truncation from 'double' to 'const GLfloat'
c:\users\szymon\source\repos\lab3_zad4\lab3_zad4\colors.h(495): warning C4838: conversion from 'double' to 'const GLfloat' requires a narrowing conversion
c:\users\szymon\source\repos\lab3_zad4\lab3_zad4\colors.h(495): warning C4305: 'initializing': truncation from 'double' to 'const GLfloat'
c:\users\szymon\source\repos\lab3_zad4\lab3_zad4\colors.h(500): warning C4838: conversion from 'double' to 'const GLfloat' requires a narrowing conversion
c:\users\szymon\source\repos\lab3_zad4\lab3_zad4\colors.h(500): warning C4305: 'initializing': truncation from 'double' to 'const GLfloat'
c:\users\szymon\source\repos\lab3_zad4\lab3_zad4\colors.h(505): warning C4838: conversion from 'double' to 'const GLfloat' requires a narrowing conversion
c:\users\szymon\source\repos\lab3_zad4\lab3_zad4\colors.h(505): warning C4305: 'initializing': truncation from 'double' to 'const GLfloat'
c:\users\szymon\source\repos\lab3_zad4\lab3_zad4\colors.h(510): warning C4838: conversion from 'double' to 'const GLfloat' requires a narrowing conversion
c:\users\szymon\source\repos\lab3_zad4\lab3_zad4\colors.h(510): warning C4305: 'initializing': truncation from 'double' to 'const GLfloat'
c:\users\szymon\source\repos\lab3_zad4\lab3_zad4\colors.h(515): warning C4838: conversion from 'double' to 'const GLfloat' requires a narrowing conversion
c:\users\szymon\source\repos\lab3_zad4\lab3_zad4\colors.h(515): warning C4305: 'initializing': truncation from 'double' to 'const GLfloat'
c:\users\szymon\source\repos\lab3_zad4\lab3_zad4\colors.h(520): warning C4838: conversion from 'double' to 'const GLfloat' requires a narrowing conversion
c:\users\szymon\source\repos\lab3_zad4\lab3_zad4\colors.h(520): warning C4305: 'initializing': truncation from 'double' to 'const GLfloat'
c:\users\szymon\source\repos\lab3_zad4\lab3_zad4\colors.h(525): warning C4838: conversion from 'double' to 'const GLfloat' requires a narrowing conversion
c:\users\szymon\source\repos\lab3_zad4\lab3_zad4\colors.h(525): warning C4305: 'initializing': truncation from 'double' to 'const GLfloat'
c:\users\szymon\source\repos\lab3_zad4\lab3_zad4\colors.h(530): warning C4838: conversion from 'double' to 'const GLfloat' requires a narrowing conversion
c:\users\szymon\source\repos\lab3_zad4\lab3_zad4\colors.h(530): warning C4305: 'initializing': truncation from 'double' to 'const GLfloat'
c:\users\szymon\source\repos\lab3_zad4\lab3_zad4\colors.h(535): warning C4838: conversion from 'double' to 'const GLfloat' requires a narrowing conversion
c:\users\szymon\source\repos\lab3_zad4\lab3_zad4\colors.h(535): warning C4305: 'initializing': truncation from 'double' to 'const GLfloat'
c:\users\szymon\source\repos\lab3_zad4\lab3_zad4\colors.h(540): warning C4838: conversion from 'double' to 'const GLfloat' requires a narrowing conversion
c:\users\szymon\source\repos\lab3_zad4\lab3_zad4\colors.h(540): warning C4305: 'initializing': truncation from 'double' to 'const GLfloat'
c:\users\szymon\source\repos\lab3_zad4\lab3_zad4\colors.h(545): warning C4838: conversion from 'double' to 'const GLfloat' requires a narrowing conversion
c:\users\szymon\source\repos\lab3_zad4\lab3_zad4\colors.h(545): warning C4305: 'initializing': truncation from 'double' to 'const GLfloat'
c:\users\szymon\source\repos\lab3_zad4\lab3_zad4\colors.h(550): warning C4838: conversion from 'double' to 'const GLfloat' requires a narrowing conversion
c:\users\szymon\source\repos\lab3_zad4\lab3_zad4\colors.h(550): warning C4305: 'initializing': truncation from 'double' to 'const GLfloat'
c:\users\szymon\source\repos\lab3_zad4\lab3_zad4\colors.h(555): warning C4838: conversion from 'double' to 'const GLfloat' requires a narrowing conversion
c:\users\szymon\source\repos\lab3_zad4\lab3_zad4\colors.h(555): warning C4305: 'initializing': truncation from 'double' to 'const GLfloat'
c:\users\szymon\source\repos\lab3_zad4\lab3_zad4\colors.h(560): warning C4838: conversion from 'double' to 'const GLfloat' requires a narrowing conversion
c:\users\szymon\source\repos\lab3_zad4\lab3_zad4\colors.h(560): warning C4305: 'initializing': truncation from 'double' to 'const GLfloat'
c:\users\szymon\source\repos\lab3_zad4\lab3_zad4\colors.h(567): warning C4838: conversion from 'double' to 'const GLfloat' requires a narrowing conversion
c:\users\szymon\source\repos\lab3_zad4\lab3_zad4\colors.h(567): warning C4305: 'initializing': truncation from 'double' to 'const GLfloat'
c:\users\szymon\source\repos\lab3_zad4\lab3_zad4\colors.h(572): warning C4838: conversion from 'double' to 'const GLfloat' requires a narrowing conversion
c:\users\szymon\source\repos\lab3_zad4\lab3_zad4\colors.h(572): warning C4305: 'initializing': truncation from 'double' to 'const GLfloat'
c:\users\szymon\source\repos\lab3_zad4\lab3_zad4\colors.h(579): warning C4838: conversion from 'double' to 'const GLfloat' requires a narrowing conversion
c:\users\szymon\source\repos\lab3_zad4\lab3_zad4\colors.h(579): warning C4305: 'initializing': truncation from 'double' to 'const GLfloat'
c:\users\szymon\source\repos\lab3_zad4\lab3_zad4\colors.h(587): warning C4838: conversion from 'double' to 'const GLfloat' requires a narrowing conversion
c:\users\szymon\source\repos\lab3_zad4\lab3_zad4\colors.h(587): warning C4305: 'initializing': truncation from 'double' to 'const GLfloat'
c:\users\szymon\source\repos\lab3_zad4\lab3_zad4\colors.h(594): warning C4838: conversion from 'double' to 'const GLfloat' requires a narrowing conversion
c:\users\szymon\source\repos\lab3_zad4\lab3_zad4\colors.h(594): warning C4305: 'initializing': truncation from 'double' to 'const GLfloat'
c:\users\szymon\source\repos\lab3_zad4\lab3_zad4\colors.h(601): warning C4838: conversion from 'double' to 'const GLfloat' requires a narrowing conversion
c:\users\szymon\source\repos\lab3_zad4\lab3_zad4\colors.h(601): warning C4305: 'initializing': truncation from 'double' to 'const GLfloat'
c:\users\szymon\source\repos\lab3_zad4\lab3_zad4\colors.h(606): warning C4838: conversion from 'double' to 'const GLfloat' requires a narrowing conversion
c:\users\szymon\source\repos\lab3_zad4\lab3_zad4\colors.h(606): warning C4305: 'initializing': truncation from 'double' to 'const GLfloat'
c:\users\szymon\source\repos\lab3_zad4\lab3_zad4\colors.h(611): warning C4838: conversion from 'double' to 'const GLfloat' requires a narrowing conversion
c:\users\szymon\source\repos\lab3_zad4\lab3_zad4\colors.h(611): warning C4305: 'initializing': truncation from 'double' to 'const GLfloat'
c:\users\szymon\source\repos\lab3_zad4\lab3_zad4\colors.h(618): warning C4838: conversion from 'double' to 'const GLfloat' requires a narrowing conversion
c:\users\szymon\source\repos\lab3_zad4\lab3_zad4\colors.h(618): warning C4305: 'initializing': truncation from 'double' to 'const GLfloat'
c:\users\szymon\source\repos\lab3_zad4\lab3_zad4\colors.h(625): warning C4838: conversion from 'double' to 'const GLfloat' requires a narrowing conversion
c:\users\szymon\source\repos\lab3_zad4\lab3_zad4\colors.h(625): warning C4305: 'initializing': truncation from 'double' to 'const GLfloat'
c:\users\szymon\source\repos\lab3_zad4\lab3_zad4\colors.h(630): warning C4838: conversion from 'double' to 'const GLfloat' requires a narrowing conversion
c:\users\szymon\source\repos\lab3_zad4\lab3_zad4\colors.h(630): warning C4305: 'initializing': truncation from 'double' to 'const GLfloat'
c:\users\szymon\source\repos\lab3_zad4\lab3_zad4\colors.h(635): warning C4838: conversion from 'double' to 'const GLfloat' requires a narrowing conversion
c:\users\szymon\source\repos\lab3_zad4\lab3_zad4\colors.h(635): warning C4305: 'initializing': truncation from 'double' to 'const GLfloat'
c:\users\szymon\source\repos\lab3_zad4\lab3_zad4\colors.h(640): warning C4838: conversion from 'double' to 'const GLfloat' requires a narrowing conversion
c:\users\szymon\source\repos\lab3_zad4\lab3_zad4\colors.h(640): warning C4305: 'initializing': truncation from 'double' to 'const GLfloat'
c:\users\szymon\source\repos\lab3_zad4\lab3_zad4\colors.h(645): warning C4838: conversion from 'double' to 'const GLfloat' requires a narrowing conversion
c:\users\szymon\source\repos\lab3_zad4\lab3_zad4\colors.h(645): warning C4305: 'initializing': truncation from 'double' to 'const GLfloat'
c:\users\szymon\source\repos\lab3_zad4\lab3_zad4\colors.h(652): warning C4838: conversion from 'double' to 'const GLfloat' requires a narrowing conversion
c:\users\szymon\source\repos\lab3_zad4\lab3_zad4\colors.h(652): warning C4305: 'initializing': truncation from 'double' to 'const GLfloat'
c:\users\szymon\source\repos\lab3_zad4\lab3_zad4\colors.h(659): warning C4838: conversion from 'double' to 'const GLfloat' requires a narrowing conversion
c:\users\szymon\source\repos\lab3_zad4\lab3_zad4\colors.h(659): warning C4305: 'initializing': truncation from 'double' to 'const GLfloat'
c:\users\szymon\source\repos\lab3_zad4\lab3_zad4\colors.h(664): warning C4838: conversion from 'double' to 'const GLfloat' requires a narrowing conversion
c:\users\szymon\source\repos\lab3_zad4\lab3_zad4\colors.h(664): warning C4305: 'initializing': truncation from 'double' to 'const GLfloat'
c:\users\szymon\source\repos\lab3_zad4\lab3_zad4\colors.h(671): warning C4838: conversion from 'double' to 'const GLfloat' requires a narrowing conversion
c:\users\szymon\source\repos\lab3_zad4\lab3_zad4\colors.h(671): warning C4305: 'initializing': truncation from 'double' to 'const GLfloat'
c:\users\szymon\source\repos\lab3_zad4\lab3_zad4\colors.h(683): warning C4838: conversion from 'double' to 'const GLfloat' requires a narrowing conversion
c:\users\szymon\source\repos\lab3_zad4\lab3_zad4\colors.h(683): warning C4305: 'initializing': truncation from 'double' to 'const GLfloat'
c:\users\szymon\source\repos\lab3_zad4\lab3_zad4\colors.h(688): warning C4838: conversion from 'double' to 'const GLfloat' requires a narrowing conversion
c:\users\szymon\source\repos\lab3_zad4\lab3_zad4\colors.h(688): warning C4305: 'initializing': truncation from 'double' to 'const GLfloat'
c:\users\szymon\source\repos\lab3_zad4\lab3_zad4\colors.h(695): warning C4838: conversion from 'double' to 'const GLfloat' requires a narrowing conversion
c:\users\szymon\source\repos\lab3_zad4\lab3_zad4\colors.h(695): warning C4305: 'initializing': truncation from 'double' to 'const GLfloat'
c:\users\szymon\source\repos\lab3_zad4\lab3_zad4\colors.h(702): warning C4838: conversion from 'double' to 'const GLfloat' requires a narrowing conversion
c:\users\szymon\source\repos\lab3_zad4\lab3_zad4\colors.h(702): warning C4305: 'initializing': truncation from 'double' to 'const GLfloat'
c:\users\szymon\source\repos\lab3_zad4\lab3_zad4\colors.h(707): warning C4838: conversion from 'double' to 'const GLfloat' requires a narrowing conversion
c:\users\szymon\source\repos\lab3_zad4\lab3_zad4\colors.h(707): warning C4305: 'initializing': truncation from 'double' to 'const GLfloat'
c:\users\szymon\source\repos\lab3_zad4\lab3_zad4\colors.h(712): warning C4838: conversion from 'double' to 'const GLfloat' requires a narrowing conversion
c:\users\szymon\source\repos\lab3_zad4\lab3_zad4\colors.h(712): warning C4305: 'initializing': truncation from 'double' to 'const GLfloat'
c:\users\szymon\source\repos\lab3_zad4\lab3_zad4\colors.h(717): warning C4838: conversion from 'double' to 'const GLfloat' requires a narrowing conversion
c:\users\szymon\source\repos\lab3_zad4\lab3_zad4\colors.h(717): warning C4305: 'initializing': truncation from 'double' to 'const GLfloat'
c:\users\szymon\source\repos\lab3_zad4\lab3_zad4\colors.h(724): warning C4838: conversion from 'double' to 'const GLfloat' requires a narrowing conversion
c:\users\szymon\source\repos\lab3_zad4\lab3_zad4\colors.h(724): warning C4305: 'initializing': truncation from 'double' to 'const GLfloat'
c:\users\szymon\source\repos\lab3_zad4\lab3_zad4\colors.h(731): warning C4838: conversion from 'double' to 'const GLfloat' requires a narrowing conversion
c:\users\szymon\source\repos\lab3_zad4\lab3_zad4\colors.h(731): warning C4305: 'initializing': truncation from 'double' to 'const GLfloat'
c:\users\szymon\source\repos\lab3_zad4\lab3_zad4\colors.h(738): warning C4838: conversion from 'double' to 'const GLfloat' requires a narrowing conversion
c:\users\szymon\source\repos\lab3_zad4\lab3_zad4\colors.h(738): warning C4305: 'initializing': truncation from 'double' to 'const GLfloat'
c:\users\szymon\source\repos\lab3_zad4\lab3_zad4\colors.h(745): warning C4838: conversion from 'double' to 'const GLfloat' requires a narrowing conversion
c:\users\szymon\source\repos\lab3_zad4\lab3_zad4\colors.h(745): warning C4305: 'initializing': truncation from 'double' to 'const GLfloat'
c:\users\szymon\source\repos\lab3_zad4\lab3_zad4\colors.h(752): warning C4838: conversion from 'double' to 'const GLfloat' requires a narrowing conversion
c:\users\szymon\source\repos\lab3_zad4\lab3_zad4\colors.h(752): warning C4305: 'initializing': truncation from 'double' to 'const GLfloat'
c:\users\szymon\source\repos\lab3_zad4\lab3_zad4\colors.h(759): warning C4838: conversion from 'double' to 'const GLfloat' requires a narrowing conversion
c:\users\szymon\source\repos\lab3_zad4\lab3_zad4\colors.h(759): warning C4305: 'initializing': truncation from 'double' to 'const GLfloat'
c:\users\szymon\source\repos\lab3_zad4\lab3_zad4\colors.h(766): warning C4838: conversion from 'double' to 'const GLfloat' requires a narrowing conversion
c:\users\szymon\source\repos\lab3_zad4\lab3_zad4\colors.h(766): warning C4305: 'initializing': truncation from 'double' to 'const GLfloat'
c:\users\szymon\source\repos\lab3_zad4\lab3_zad4\colors.h(773): warning C4838: conversion from 'double' to 'const GLfloat' requires a narrowing conversion
c:\users\szymon\source\repos\lab3_zad4\lab3_zad4\colors.h(773): warning C4305: 'initializing': truncation from 'double' to 'const GLfloat'
c:\users\szymon\source\repos\lab3_zad4\lab3_zad4\colors.h(780): warning C4838: conversion from 'double' to 'const GLfloat' requires a narrowing conversion
c:\users\szymon\source\repos\lab3_zad4\lab3_zad4\colors.h(780): warning C4305: 'initializing': truncation from 'double' to 'const GLfloat'
c:\users\szymon\source\repos\lab3_zad4\lab3_zad4\colors.h(787): warning C4838: conversion from 'double' to 'const GLfloat' requires a narrowing conversion
c:\users\szymon\source\repos\lab3_zad4\lab3_zad4\colors.h(787): warning C4305: 'initializing': truncation from 'double' to 'const GLfloat'
c:\users\szymon\source\repos\lab3_zad4\lab3_zad4\colors.h(794): warning C4838: conversion from 'double' to 'const GLfloat' requires a narrowing conversion
c:\users\szymon\source\repos\lab3_zad4\lab3_zad4\colors.h(794): warning C4305: 'initializing': truncation from 'double' to 'const GLfloat'
c:\users\szymon\source\repos\lab3_zad4\lab3_zad4\colors.h(801): warning C4838: conversion from 'double' to 'const GLfloat' requires a narrowing conversion
c:\users\szymon\source\repos\lab3_zad4\lab3_zad4\colors.h(801): warning C4305: 'initializing': truncation from 'double' to 'const GLfloat'
c:\users\szymon\source\repos\lab3_zad4\lab3_zad4\colors.h(815): warning C4838: conversion from 'double' to 'const GLfloat' requires a narrowing conversion
c:\users\szymon\source\repos\lab3_zad4\lab3_zad4\colors.h(815): warning C4305: 'initializing': truncation from 'double' to 'const GLfloat'
c:\users\szymon\source\repos\lab3_zad4\lab3_zad4\colors.h(822): warning C4838: conversion from 'double' to 'const GLfloat' requires a narrowing conversion
c:\users\szymon\source\repos\lab3_zad4\lab3_zad4\colors.h(822): warning C4305: 'initializing': truncation from 'double' to 'const GLfloat'
c:\users\szymon\source\repos\lab3_zad4\lab3_zad4\colors.h(827): warning C4838: conversion from 'double' to 'const GLfloat' requires a narrowing conversion
c:\users\szymon\source\repos\lab3_zad4\lab3_zad4\colors.h(827): warning C4305: 'initializing': truncation from 'double' to 'const GLfloat'
c:\users\szymon\source\repos\lab3_zad4\lab3_zad4\colors.h(839): warning C4838: conversion from 'double' to 'const GLfloat' requires a narrowing conversion
c:\users\szymon\source\repos\lab3_zad4\lab3_zad4\colors.h(839): warning C4305: 'initializing': truncation from 'double' to 'const GLfloat'
c:\users\szymon\source\repos\lab3_zad4\lab3_zad4\colors.h(853): warning C4838: conversion from 'double' to 'const GLfloat' requires a narrowing conversion
c:\users\szymon\source\repos\lab3_zad4\lab3_zad4\colors.h(853): warning C4305: 'initializing': truncation from 'double' to 'const GLfloat'
c:\users\szymon\source\repos\lab3_zad4\lab3_zad4\lab3_zad4.cpp(295): warning C4305: '+=': truncation from 'double' to 'GLfloat'
c:\users\szymon\source\repos\lab3_zad4\lab3_zad4\lab3_zad4.cpp(300): warning C4305: '-=': truncation from 'double' to 'GLfloat'
c:\users\szymon\source\repos\lab3_zad4\lab3_zad4\lab3_zad4.cpp(330): warning C4244: '+=': conversion from 'double' to 'GLfloat', possible loss of data
c:\users\szymon\source\repos\lab3_zad4\lab3_zad4\lab3_zad4.cpp(332): warning C4244: '-=': conversion from 'double' to 'GLfloat', possible loss of data
c:\users\szymon\source\repos\lab3_zad4\lab3_zad4\lab3_zad4.cpp(649): warning C4305: 'argument': truncation from 'double' to 'GLfloat'
c:\users\szymon\source\repos\lab3_zad4\lab3_zad4\lab3_zad4.cpp(651): warning C4305: 'argument': truncation from 'double' to 'GLfloat'
c:\users\szymon\source\repos\lab3_zad4\lab3_zad4\lab3_zad4.cpp(653): warning C4305: 'argument': truncation from 'double' to 'GLfloat'
c:\users\szymon\source\repos\lab3_zad4\lab3_zad4\lab3_zad4.cpp(655): warning C4305: 'argument': truncation from 'double' to 'GLfloat'
c:\users\szymon\source\repos\lab3_zad4\lab3_zad4\lab3_zad4.cpp(659): warning C4305: 'argument': truncation from 'double' to 'GLfloat'
c:\users\szymon\source\repos\lab3_zad4\lab3_zad4\lab3_zad4.cpp(661): warning C4305: 'argument': truncation from 'double' to 'GLfloat'
c:\users\szymon\source\repos\lab3_zad4\lab3_zad4\lab3_zad4.cpp(663): warning C4305: 'argument': truncation from 'double' to 'GLfloat'
c:\users\szymon\source\repos\lab3_zad4\lab3_zad4\lab3_zad4.cpp(665): warning C4305: 'argument': truncation from 'double' to 'GLfloat'
c:\users\szymon\source\repos\lab3_zad4\lab3_zad4\lab3_zad4.cpp(682): warning C4305: 'argument': truncation from 'double' to 'GLfloat'
c:\users\szymon\source\repos\lab3_zad4\lab3_zad4\lab3_zad4.cpp(684): warning C4305: 'argument': truncation from 'double' to 'GLfloat'
c:\users\szymon\source\repos\lab3_zad4\lab3_zad4\lab3_zad4.cpp(686): warning C4305: 'argument': truncation from 'double' to 'GLfloat'
c:\users\szymon\source\repos\lab3_zad4\lab3_zad4\lab3_zad4.cpp(688): warning C4305: 'argument': truncation from 'double' to 'GLfloat'
c:\users\szymon\source\repos\lab3_zad4\lab3_zad4\lab3_zad4.cpp(690): warning C4305: 'argument': truncation from 'double' to 'GLfloat'
c:\users\szymon\source\repos\lab3_zad4\lab3_zad4\lab3_zad4.cpp(692): warning C4305: 'argument': truncation from 'double' to 'GLfloat'
c:\users\szymon\source\repos\lab3_zad4\lab3_zad4\lab3_zad4.cpp(697): warning C4305: 'argument': truncation from 'double' to 'GLfloat'
c:\users\szymon\source\repos\lab3_zad4\lab3_zad4\lab3_zad4.cpp(699): warning C4305: 'argument': truncation from 'double' to 'GLfloat'
c:\users\szymon\source\repos\lab3_zad4\lab3_zad4\lab3_zad4.cpp(701): warning C4305: 'argument': truncation from 'double' to 'GLfloat'
c:\users\szymon\source\repos\lab3_zad4\lab3_zad4\lab3_zad4.cpp(703): warning C4305: 'argument': truncation from 'double' to 'GLfloat'
c:\users\szymon\source\repos\lab3_zad4\lab3_zad4\lab3_zad4.cpp(705): warning C4305: 'argument': truncation from 'double' to 'GLfloat'
c:\users\szymon\source\repos\lab3_zad4\lab3_zad4\lab3_zad4.cpp(707): warning C4305: 'argument': truncation from 'double' to 'GLfloat'
c:\users\szymon\source\repos\lab3_zad4\lab3_zad4\lab3_zad4.cpp(711): warning C4305: 'argument': truncation from 'double' to 'GLfloat'
c:\users\szymon\source\repos\lab3_zad4\lab3_zad4\lab3_zad4.cpp(713): warning C4305: 'argument': truncation from 'double' to 'GLfloat'
c:\users\szymon\source\repos\lab3_zad4\lab3_zad4\lab3_zad4.cpp(715): warning C4305: 'argument': truncation from 'double' to 'GLfloat'
c:\users\szymon\source\repos\lab3_zad4\lab3_zad4\lab3_zad4.cpp(717): warning C4305: 'argument': truncation from 'double' to 'GLfloat'
c:\users\szymon\source\repos\lab3_zad4\lab3_zad4\lab3_zad4.cpp(719): warning C4305: 'argument': truncation from 'double' to 'GLfloat'
c:\users\szymon\source\repos\lab3_zad4\lab3_zad4\lab3_zad4.cpp(721): warning C4305: 'argument': truncation from 'double' to 'GLfloat'
c:\users\szymon\source\repos\lab3_zad4\lab3_zad4\lab3_zad4.cpp(725): warning C4305: 'argument': truncation from 'double' to 'GLfloat'
c:\users\szymon\source\repos\lab3_zad4\lab3_zad4\lab3_zad4.cpp(727): warning C4305: 'argument': truncation from 'double' to 'GLfloat'
c:\users\szymon\source\repos\lab3_zad4\lab3_zad4\lab3_zad4.cpp(729): warning C4305: 'argument': truncation from 'double' to 'GLfloat'
c:\users\szymon\source\repos\lab3_zad4\lab3_zad4\lab3_zad4.cpp(731): warning C4305: 'argument': truncation from 'double' to 'GLfloat'
c:\users\szymon\source\repos\lab3_zad4\lab3_zad4\lab3_zad4.cpp(733): warning C4305: 'argument': truncation from 'double' to 'GLfloat'
c:\users\szymon\source\repos\lab3_zad4\lab3_zad4\lab3_zad4.cpp(735): warning C4305: 'argument': truncation from 'double' to 'GLfloat'
c:\users\szymon\source\repos\lab3_zad4\lab3_zad4\lab3_zad4.cpp(739): warning C4305: 'argument': truncation from 'double' to 'GLfloat'
c:\users\szymon\source\repos\lab3_zad4\lab3_zad4\lab3_zad4.cpp(741): warning C4305: 'argument': truncation from 'double' to 'GLfloat'
c:\users\szymon\source\repos\lab3_zad4\lab3_zad4\lab3_zad4.cpp(743): warning C4305: 'argument': truncation from 'double' to 'GLfloat'
c:\users\szymon\source\repos\lab3_zad4\lab3_zad4\lab3_zad4.cpp(745): warning C4305: 'argument': truncation from 'double' to 'GLfloat'
c:\users\szymon\source\repos\lab3_zad4\lab3_zad4\lab3_zad4.cpp(747): warning C4305: 'argument': truncation from 'double' to 'GLfloat'
c:\users\szymon\source\repos\lab3_zad4\lab3_zad4\lab3_zad4.cpp(749): warning C4305: 'argument': truncation from 'double' to 'GLfloat'
c:\users\szymon\source\repos\lab3_zad4\lab3_zad4\lab3_zad4.cpp(753): warning C4305: 'argument': truncation from 'double' to 'GLfloat'
c:\users\szymon\source\repos\lab3_zad4\lab3_zad4\lab3_zad4.cpp(755): warning C4305: 'argument': truncation from 'double' to 'GLfloat'
c:\users\szymon\source\repos\lab3_zad4\lab3_zad4\lab3_zad4.cpp(757): warning C4305: 'argument': truncation from 'double' to 'GLfloat'
c:\users\szymon\source\repos\lab3_zad4\lab3_zad4\lab3_zad4.cpp(759): warning C4305: 'argument': truncation from 'double' to 'GLfloat'
c:\users\szymon\source\repos\lab3_zad4\lab3_zad4\lab3_zad4.cpp(761): warning C4305: 'argument': truncation from 'double' to 'GLfloat'
c:\users\szymon\source\repos\lab3_zad4\lab3_zad4\lab3_zad4.cpp(763): warning C4305: 'argument': truncation from 'double' to 'GLfloat'
c:\users\szymon\source\repos\lab3_zad4\lab3_zad4\lab3_zad4.cpp(767): warning C4305: 'argument': truncation from 'double' to 'GLfloat'
c:\users\szymon\source\repos\lab3_zad4\lab3_zad4\lab3_zad4.cpp(769): warning C4305: 'argument': truncation from 'double' to 'GLfloat'
c:\users\szymon\source\repos\lab3_zad4\lab3_zad4\lab3_zad4.cpp(771): warning C4305: 'argument': truncation from 'double' to 'GLfloat'
c:\users\szymon\source\repos\lab3_zad4\lab3_zad4\lab3_zad4.cpp(773): warning C4305: 'argument': truncation from 'double' to 'GLfloat'
c:\users\szymon\source\repos\lab3_zad4\lab3_zad4\lab3_zad4.cpp(775): warning C4305: 'argument': truncation from 'double' to 'GLfloat'
c:\users\szymon\source\repos\lab3_zad4\lab3_zad4\lab3_zad4.cpp(777): warning C4305: 'argument': truncation from 'double' to 'GLfloat'
c:\users\szymon\source\repos\lab3_zad4\lab3_zad4\lab3_zad4.cpp(781): warning C4305: 'argument': truncation from 'double' to 'GLfloat'
c:\users\szymon\source\repos\lab3_zad4\lab3_zad4\lab3_zad4.cpp(783): warning C4305: 'argument': truncation from 'double' to 'GLfloat'
c:\users\szymon\source\repos\lab3_zad4\lab3_zad4\lab3_zad4.cpp(785): warning C4305: 'argument': truncation from 'double' to 'GLfloat'
c:\users\szymon\source\repos\lab3_zad4\lab3_zad4\lab3_zad4.cpp(787): warning C4305: 'argument': truncation from 'double' to 'GLfloat'
c:\users\szymon\source\repos\lab3_zad4\lab3_zad4\lab3_zad4.cpp(789): warning C4305: 'argument': truncation from 'double' to 'GLfloat'
c:\users\szymon\source\repos\lab3_zad4\lab3_zad4\lab3_zad4.cpp(791): warning C4305: 'argument': truncation from 'double' to 'GLfloat'
c:\users\szymon\source\repos\lab3_zad4\lab3_zad4\lab3_zad4.cpp(795): warning C4305: 'argument': truncation from 'double' to 'GLfloat'
c:\users\szymon\source\repos\lab3_zad4\lab3_zad4\lab3_zad4.cpp(797): warning C4305: 'argument': truncation from 'double' to 'GLfloat'
c:\users\szymon\source\repos\lab3_zad4\lab3_zad4\lab3_zad4.cpp(799): warning C4305: 'argument': truncation from 'double' to 'GLfloat'
c:\users\szymon\source\repos\lab3_zad4\lab3_zad4\lab3_zad4.cpp(801): warning C4305: 'argument': truncation from 'double' to 'GLfloat'
c:\users\szymon\source\repos\lab3_zad4\lab3_zad4\lab3_zad4.cpp(803): warning C4305: 'argument': truncation from 'double' to 'GLfloat'
c:\users\szymon\source\repos\lab3_zad4\lab3_zad4\lab3_zad4.cpp(805): warning C4305: 'argument': truncation from 'double' to 'GLfloat'
c:\users\szymon\source\repos\lab3_zad4\lab3_zad4\lab3_zad4.cpp(809): warning C4305: 'argument': truncation from 'double' to 'GLfloat'
c:\users\szymon\source\repos\lab3_zad4\lab3_zad4\lab3_zad4.cpp(811): warning C4305: 'argument': truncation from 'double' to 'GLfloat'
c:\users\szymon\source\repos\lab3_zad4\lab3_zad4\lab3_zad4.cpp(813): warning C4305: 'argument': truncation from 'double' to 'GLfloat'
c:\users\szymon\source\repos\lab3_zad4\lab3_zad4\lab3_zad4.cpp(815): warning C4305: 'argument': truncation from 'double' to 'GLfloat'
c:\users\szymon\source\repos\lab3_zad4\lab3_zad4\lab3_zad4.cpp(817): warning C4305: 'argument': truncation from 'double' to 'GLfloat'
c:\users\szymon\source\repos\lab3_zad4\lab3_zad4\lab3_zad4.cpp(819): warning C4305: 'argument': truncation from 'double' to 'GLfloat'
c:\users\szymon\source\repos\lab3_zad4\lab3_zad4\lab3_zad4.cpp(823): warning C4305: 'argument': truncation from 'double' to 'GLfloat'
c:\users\szymon\source\repos\lab3_zad4\lab3_zad4\lab3_zad4.cpp(825): warning C4305: 'argument': truncation from 'double' to 'GLfloat'
c:\users\szymon\source\repos\lab3_zad4\lab3_zad4\lab3_zad4.cpp(827): warning C4305: 'argument': truncation from 'double' to 'GLfloat'
c:\users\szymon\source\repos\lab3_zad4\lab3_zad4\lab3_zad4.cpp(829): warning C4305: 'argument': truncation from 'double' to 'GLfloat'
c:\users\szymon\source\repos\lab3_zad4\lab3_zad4\lab3_zad4.cpp(831): warning C4305: 'argument': truncation from 'double' to 'GLfloat'
c:\users\szymon\source\repos\lab3_zad4\lab3_zad4\lab3_zad4.cpp(833): warning C4305: 'argument': truncation from 'double' to 'GLfloat'
c:\users\szymon\source\repos\lab3_zad4\lab3_zad4\lab3_zad4.cpp(837): warning C4305: 'argument': truncation from 'double' to 'GLfloat'
c:\users\szymon\source\repos\lab3_zad4\lab3_zad4\lab3_zad4.cpp(839): warning C4305: 'argument': truncation from 'double' to 'GLfloat'
c:\users\szymon\source\repos\lab3_zad4\lab3_zad4\lab3_zad4.cpp(841): warning C4305: 'argument': truncation from 'double' to 'GLfloat'
c:\users\szymon\source\repos\lab3_zad4\lab3_zad4\lab3_zad4.cpp(843): warning C4305: 'argument': truncation from 'double' to 'GLfloat'
c:\users\szymon\source\repos\lab3_zad4\lab3_zad4\lab3_zad4.cpp(845): warning C4305: 'argument': truncation from 'double' to 'GLfloat'
c:\users\szymon\source\repos\lab3_zad4\lab3_zad4\lab3_zad4.cpp(847): warning C4305: 'argument': truncation from 'double' to 'GLfloat'
  lab3_zad4.vcxproj -> C:\Users\Szymon\source\repos\lab3_zad4\Debug\lab3_zad4.exe
